1600767674274	geckodriver	INFO	Listening on 127.0.0.1:7297
1600767677554	mozrunner::runner	INFO	Running command: "C:\\Program Files\\Mozilla Firefox\\firefox.exe" "--marionette" "-foreground" "-no-remote" "-profile" "C:\\Users\\ricardo\\AppData\\Local\\Temp\\rust_mozprofilelui888"
JavaScript error: resource://gre/modules/XULStore.jsm, line 66: Error: Can't find profile directory.
console.error: SearchCache: "_readCacheFile: Error reading cache file:" (new Error("", "(unknown module)"))
1600767680429	Marionette	INFO	Listening on port 7310
1600767680715	Marionette	WARN	TLS certificate errors will be ignored for this session
[Child 10404, MediaDecoderStateMachine #1] WARNING: Decoder=20346fa7400 Decode error: NS_ERROR_DOM_MEDIA_FATAL_ERR (0x806e0005) - RefPtr<MediaSourceTrackDemuxer::SamplesPromise> __cdecl mozilla::MediaSourceTrackDemuxer::DoGetSamples(int32_t): manager is detached.: file /builds/worker/checkouts/gecko/dom/media/MediaDecoderStateMachine.cpp, line 3470
[Child 10404, MediaDecoderStateMachine #1] WARNING: Decoder=20346fa7400 Decode error: NS_ERROR_DOM_MEDIA_FATAL_ERR (0x806e0005) - RefPtr<MediaSourceTrackDemuxer::SamplesPromise> __cdecl mozilla::MediaSourceTrackDemuxer::DoGetSamples(int32_t): manager is detached.: file /builds/worker/checkouts/gecko/dom/media/MediaDecoderStateMachine.cpp, line 3470
1600767691019	Marionette	INFO	Stopped listening on port 7310

###!!! [Child][RunMessage] Error: Channel closing: too late to send/recv, messages will be lost


###!!! [Child][MessageChannel::SendAndWait] Error: Channel error: cannot send/recv

1600767727463	geckodriver	INFO	Listening on 127.0.0.1:7491
1600767730768	mozrunner::runner	INFO	Running command: "C:\\Program Files\\Mozilla Firefox\\firefox.exe" "--marionette" "-foreground" "-no-remote" "-profile" "C:\\Users\\ricardo\\AppData\\Local\\Temp\\rust_mozprofileYE6RMk"
JavaScript error: resource://gre/modules/XULStore.jsm, line 66: Error: Can't find profile directory.
console.error: SearchCache: "_readCacheFile: Error reading cache file:" (new Error("", "(unknown module)"))
1600767733522	Marionette	INFO	Listening on port 7504
1600767733927	Marionette	WARN	TLS certificate errors will be ignored for this session
1600767743147	Marionette	INFO	Stopped listening on port 7504

###!!! [Child][RunMessage] Error: Channel closing: too late to send/recv, messages will be lost


###!!! [Child][MessageChannel::SendAndWait] Error: Channel error: cannot send/recv

